2019-11-07 10:26:36,759 - Velocimacro : allowInlineLocal = false : VMs defined inline will be  global in scope if allowed.
2019-11-07 10:26:36,759 - Velocimacro : messages on  : VM system will output logging messages
2019-11-07 10:26:36,759 - Velocimacro : autoload off  : VM system will not automatically reload global library macros
2019-11-07 10:26:36,759 - Velocimacro : initialization complete.
2019-11-07 10:26:36,759 - Velocity successfully started.
2019-11-07 15:06:34,828 - SimpleLog4JLogSystem initialized using logfile 'velocity.log'
2019-11-07 15:06:34,829 - ************************************************************** 
2019-11-07 15:06:34,829 - Starting Jakarta Velocity v1.4
2019-11-07 15:06:34,829 - RuntimeInstance initializing.
2019-11-07 15:06:34,829 - Default Properties File: org/apache/velocity/runtime/defaults/velocity.properties
2019-11-07 15:06:34,829 - Trying to use logger class org.apache.velocity.runtime.log.SimpleLog4JLogSystem
2019-11-07 15:06:34,829 - Using logger class org.apache.velocity.runtime.log.SimpleLog4JLogSystem
2019-11-07 15:06:34,830 - Default ResourceManager initializing. (class org.apache.velocity.runtime.resource.ResourceManagerImpl)
2019-11-07 15:06:34,831 - Resource Loader Instantiated: org.apache.velocity.runtime.resource.loader.ClasspathResourceLoader
2019-11-07 15:06:34,831 - ClasspathResourceLoader : initialization starting.
2019-11-07 15:06:34,831 - ClasspathResourceLoader : initialization complete.
2019-11-07 15:06:34,831 - ResourceCache : initialized. (class org.apache.velocity.runtime.resource.ResourceCacheImpl)
2019-11-07 15:06:34,831 - Default ResourceManager initialization complete.
2019-11-07 15:06:34,832 - Loaded System Directive: org.apache.velocity.runtime.directive.Literal
2019-11-07 15:06:34,833 - Loaded System Directive: org.apache.velocity.runtime.directive.Macro
2019-11-07 15:06:34,833 - Loaded System Directive: org.apache.velocity.runtime.directive.Parse
2019-11-07 15:06:34,834 - Loaded System Directive: org.apache.velocity.runtime.directive.Include
2019-11-07 15:06:34,835 - Loaded System Directive: org.apache.velocity.runtime.directive.Foreach
2019-11-07 15:06:34,847 - Created: 20 parsers.
2019-11-07 15:06:34,849 - Velocimacro : initialization starting.
2019-11-07 15:06:34,850 - Velocimacro : adding VMs from VM library template : VM_global_library.vm
2019-11-07 15:06:34,851 - ResourceManager : unable to find resource 'VM_global_library.vm' in any resource loader.
2019-11-07 15:06:34,851 - Velocimacro : error using  VM library template VM_global_library.vm : org.apache.velocity.exception.ResourceNotFoundException: Unable to find resource 'VM_global_library.vm'
2019-11-07 15:06:34,851 - Velocimacro :  VM library template macro registration complete.
2019-11-07 15:06:34,851 - Velocimacro : allowInline = true : VMs can be defined inline in templates
2019-11-07 15:06:34,851 - Velocimacro : allowInlineToOverride = false : VMs defined inline may NOT replace previous VM definitions
2019-11-07 15:06:34,851 - Velocimacro : allowInlineLocal = false : VMs defined inline will be  global in scope if allowed.
2019-11-07 15:06:34,851 - Velocimacro : messages on  : VM system will output logging messages
2019-11-07 15:06:34,851 - Velocimacro : autoload off  : VM system will not automatically reload global library macros
2019-11-07 15:06:34,851 - Velocimacro : initialization complete.
2019-11-07 15:06:34,851 - Velocity successfully started.
2019-11-07 15:07:41,252 - SimpleLog4JLogSystem initialized using logfile 'velocity.log'
2019-11-07 15:07:41,253 - ************************************************************** 
2019-11-07 15:07:41,253 - Starting Jakarta Velocity v1.4
2019-11-07 15:07:41,253 - RuntimeInstance initializing.
2019-11-07 15:07:41,253 - Default Properties File: org/apache/velocity/runtime/defaults/velocity.properties
2019-11-07 15:07:41,253 - Trying to use logger class org.apache.velocity.runtime.log.SimpleLog4JLogSystem
2019-11-07 15:07:41,253 - Using logger class org.apache.velocity.runtime.log.SimpleLog4JLogSystem
2019-11-07 15:07:41,254 - Default ResourceManager initializing. (class org.apache.velocity.runtime.resource.ResourceManagerImpl)
2019-11-07 15:07:41,255 - Resource Loader Instantiated: org.apache.velocity.runtime.resource.loader.ClasspathResourceLoader
2019-11-07 15:07:41,255 - ClasspathResourceLoader : initialization starting.
2019-11-07 15:07:41,255 - ClasspathResourceLoader : initialization complete.
2019-11-07 15:07:41,256 - ResourceCache : initialized. (class org.apache.velocity.runtime.resource.ResourceCacheImpl)
2019-11-07 15:07:41,256 - Default ResourceManager initialization complete.
2019-11-07 15:07:41,256 - Loaded System Directive: org.apache.velocity.runtime.directive.Literal
2019-11-07 15:07:41,257 - Loaded System Directive: org.apache.velocity.runtime.directive.Macro
2019-11-07 15:07:41,258 - Loaded System Directive: org.apache.velocity.runtime.directive.Parse
2019-11-07 15:07:41,258 - Loaded System Directive: org.apache.velocity.runtime.directive.Include
2019-11-07 15:07:41,258 - Loaded System Directive: org.apache.velocity.runtime.directive.Foreach
2019-11-07 15:07:41,271 - Created: 20 parsers.
2019-11-07 15:07:41,273 - Velocimacro : initialization starting.
2019-11-07 15:07:41,273 - Velocimacro : adding VMs from VM library template : VM_global_library.vm
2019-11-07 15:07:41,274 - ResourceManager : unable to find resource 'VM_global_library.vm' in any resource loader.
2019-11-07 15:07:41,274 - Velocimacro : error using  VM library template VM_global_library.vm : org.apache.velocity.exception.ResourceNotFoundException: Unable to find resource 'VM_global_library.vm'
2019-11-07 15:07:41,274 - Velocimacro :  VM library template macro registration complete.
2019-11-07 15:07:41,274 - Velocimacro : allowInline = true : VMs can be defined inline in templates
2019-11-07 15:07:41,274 - Velocimacro : allowInlineToOverride = false : VMs defined inline may NOT replace previous VM definitions
2019-11-07 15:07:41,274 - Velocimacro : allowInlineLocal = false : VMs defined inline will be  global in scope if allowed.
2019-11-07 15:07:41,274 - Velocimacro : messages on  : VM system will output logging messages
2019-11-07 15:07:41,274 - Velocimacro : autoload off  : VM system will not automatically reload global library macros
2019-11-07 15:07:41,274 - Velocimacro : initialization complete.
2019-11-07 15:07:41,274 - Velocity successfully started.
2019-11-07 15:10:27,046 - SimpleLog4JLogSystem initialized using logfile 'velocity.log'
2019-11-07 15:10:27,046 - ************************************************************** 
2019-11-07 15:10:27,046 - Starting Jakarta Velocity v1.4
2019-11-07 15:10:27,046 - RuntimeInstance initializing.
2019-11-07 15:10:27,046 - Default Properties File: org/apache/velocity/runtime/defaults/velocity.properties
2019-11-07 15:10:27,046 - Trying to use logger class org.apache.velocity.runtime.log.SimpleLog4JLogSystem
2019-11-07 15:10:27,046 - Using logger class org.apache.velocity.runtime.log.SimpleLog4JLogSystem
2019-11-07 15:10:27,048 - Default ResourceManager initializing. (class org.apache.velocity.runtime.resource.ResourceManagerImpl)
2019-11-07 15:10:27,048 - Resource Loader Instantiated: org.apache.velocity.runtime.resource.loader.ClasspathResourceLoader
2019-11-07 15:10:27,048 - ClasspathResourceLoader : initialization starting.
2019-11-07 15:10:27,048 - ClasspathResourceLoader : initialization complete.
2019-11-07 15:10:27,049 - ResourceCache : initialized. (class org.apache.velocity.runtime.resource.ResourceCacheImpl)
2019-11-07 15:10:27,049 - Default ResourceManager initialization complete.
2019-11-07 15:10:27,049 - Loaded System Directive: org.apache.velocity.runtime.directive.Literal
2019-11-07 15:10:27,050 - Loaded System Directive: org.apache.velocity.runtime.directive.Macro
2019-11-07 15:10:27,051 - Loaded System Directive: org.apache.velocity.runtime.directive.Parse
2019-11-07 15:10:27,051 - Loaded System Directive: org.apache.velocity.runtime.directive.Include
2019-11-07 15:10:27,052 - Loaded System Directive: org.apache.velocity.runtime.directive.Foreach
2019-11-07 15:10:27,064 - Created: 20 parsers.
2019-11-07 15:10:27,066 - Velocimacro : initialization starting.
2019-11-07 15:10:27,066 - Velocimacro : adding VMs from VM library template : VM_global_library.vm
2019-11-07 15:10:27,067 - ResourceManager : unable to find resource 'VM_global_library.vm' in any resource loader.
2019-11-07 15:10:27,067 - Velocimacro : error using  VM library template VM_global_library.vm : org.apache.velocity.exception.ResourceNotFoundException: Unable to find resource 'VM_global_library.vm'
2019-11-07 15:10:27,067 - Velocimacro :  VM library template macro registration complete.
2019-11-07 15:10:27,067 - Velocimacro : allowInline = true : VMs can be defined inline in templates
2019-11-07 15:10:27,067 - Velocimacro : allowInlineToOverride = false : VMs defined inline may NOT replace previous VM definitions
2019-11-07 15:10:27,067 - Velocimacro : allowInlineLocal = false : VMs defined inline will be  global in scope if allowed.
2019-11-07 15:10:27,067 - Velocimacro : messages on  : VM system will output logging messages
2019-11-07 15:10:27,067 - Velocimacro : autoload off  : VM system will not automatically reload global library macros
2019-11-07 15:10:27,067 - Velocimacro : initialization complete.
2019-11-07 15:10:27,067 - Velocity successfully started.
2019-11-07 15:10:54,298 - SimpleLog4JLogSystem initialized using logfile 'velocity.log'
2019-11-07 15:10:54,298 - ************************************************************** 
2019-11-07 15:10:54,299 - Starting Jakarta Velocity v1.4
2019-11-07 15:10:54,299 - RuntimeInstance initializing.
2019-11-07 15:10:54,299 - Default Properties File: org/apache/velocity/runtime/defaults/velocity.properties
2019-11-07 15:10:54,299 - Trying to use logger class org.apache.velocity.runtime.log.SimpleLog4JLogSystem
2019-11-07 15:10:54,299 - Using logger class org.apache.velocity.runtime.log.SimpleLog4JLogSystem
2019-11-07 15:10:54,300 - Default ResourceManager initializing. (class org.apache.velocity.runtime.resource.ResourceManagerImpl)
2019-11-07 15:10:54,301 - Resource Loader Instantiated: org.apache.velocity.runtime.resource.loader.ClasspathResourceLoader
2019-11-07 15:10:54,301 - ClasspathResourceLoader : initialization starting.
2019-11-07 15:10:54,301 - ClasspathResourceLoader : initialization complete.
2019-11-07 15:10:54,301 - ResourceCache : initialized. (class org.apache.velocity.runtime.resource.ResourceCacheImpl)
2019-11-07 15:10:54,301 - Default ResourceManager initialization complete.
2019-11-07 15:10:54,302 - Loaded System Directive: org.apache.velocity.runtime.directive.Literal
2019-11-07 15:10:54,302 - Loaded System Directive: org.apache.velocity.runtime.directive.Macro
2019-11-07 15:10:54,303 - Loaded System Directive: org.apache.velocity.runtime.directive.Parse
2019-11-07 15:10:54,304 - Loaded System Directive: org.apache.velocity.runtime.directive.Include
2019-11-07 15:10:54,305 - Loaded System Directive: org.apache.velocity.runtime.directive.Foreach
2019-11-07 15:10:54,318 - Created: 20 parsers.
2019-11-07 15:10:54,320 - Velocimacro : initialization starting.
2019-11-07 15:10:54,320 - Velocimacro : adding VMs from VM library template : VM_global_library.vm
2019-11-07 15:10:54,321 - ResourceManager : unable to find resource 'VM_global_library.vm' in any resource loader.
2019-11-07 15:10:54,321 - Velocimacro : error using  VM library template VM_global_library.vm : org.apache.velocity.exception.ResourceNotFoundException: Unable to find resource 'VM_global_library.vm'
2019-11-07 15:10:54,322 - Velocimacro :  VM library template macro registration complete.
2019-11-07 15:10:54,322 - Velocimacro : allowInline = true : VMs can be defined inline in templates
2019-11-07 15:10:54,322 - Velocimacro : allowInlineToOverride = false : VMs defined inline may NOT replace previous VM definitions
2019-11-07 15:10:54,322 - Velocimacro : allowInlineLocal = false : VMs defined inline will be  global in scope if allowed.
2019-11-07 15:10:54,322 - Velocimacro : messages on  : VM system will output logging messages
2019-11-07 15:10:54,322 - Velocimacro : autoload off  : VM system will not automatically reload global library macros
2019-11-07 15:10:54,322 - Velocimacro : initialization complete.
2019-11-07 15:10:54,322 - Velocity successfully started.
2019-11-07 15:11:49,456 - SimpleLog4JLogSystem initialized using logfile 'velocity.log'
2019-11-07 15:11:49,456 - ************************************************************** 
2019-11-07 15:11:49,456 - Starting Jakarta Velocity v1.4
2019-11-07 15:11:49,456 - RuntimeInstance initializing.
2019-11-07 15:11:49,456 - Default Properties File: org/apache/velocity/runtime/defaults/velocity.properties
2019-11-07 15:11:49,456 - Trying to use logger class org.apache.velocity.runtime.log.SimpleLog4JLogSystem
2019-11-07 15:11:49,456 - Using logger class org.apache.velocity.runtime.log.SimpleLog4JLogSystem
2019-11-07 15:11:49,457 - Default ResourceManager initializing. (class org.apache.velocity.runtime.resource.ResourceManagerImpl)
2019-11-07 15:11:49,458 - Resource Loader Instantiated: org.apache.velocity.runtime.resource.loader.ClasspathResourceLoader
2019-11-07 15:11:49,458 - ClasspathResourceLoader : initialization starting.
2019-11-07 15:11:49,458 - ClasspathResourceLoader : initialization complete.
2019-11-07 15:11:49,459 - ResourceCache : initialized. (class org.apache.velocity.runtime.resource.ResourceCacheImpl)
2019-11-07 15:11:49,459 - Default ResourceManager initialization complete.
2019-11-07 15:11:49,459 - Loaded System Directive: org.apache.velocity.runtime.directive.Literal
2019-11-07 15:11:49,460 - Loaded System Directive: org.apache.velocity.runtime.directive.Macro
2019-11-07 15:11:49,460 - Loaded System Directive: org.apache.velocity.runtime.directive.Parse
2019-11-07 15:11:49,461 - Loaded System Directive: org.apache.velocity.runtime.directive.Include
2019-11-07 15:11:49,461 - Loaded System Directive: org.apache.velocity.runtime.directive.Foreach
2019-11-07 15:11:49,474 - Created: 20 parsers.
2019-11-07 15:11:49,476 - Velocimacro : initialization starting.
2019-11-07 15:11:49,476 - Velocimacro : adding VMs from VM library template : VM_global_library.vm
2019-11-07 15:11:49,477 - ResourceManager : unable to find resource 'VM_global_library.vm' in any resource loader.
2019-11-07 15:11:49,477 - Velocimacro : error using  VM library template VM_global_library.vm : org.apache.velocity.exception.ResourceNotFoundException: Unable to find resource 'VM_global_library.vm'
2019-11-07 15:11:49,477 - Velocimacro :  VM library template macro registration complete.
2019-11-07 15:11:49,477 - Velocimacro : allowInline = true : VMs can be defined inline in templates
2019-11-07 15:11:49,477 - Velocimacro : allowInlineToOverride = false : VMs defined inline may NOT replace previous VM definitions
2019-11-07 15:11:49,477 - Velocimacro : allowInlineLocal = false : VMs defined inline will be  global in scope if allowed.
2019-11-07 15:11:49,477 - Velocimacro : messages on  : VM system will output logging messages
2019-11-07 15:11:49,477 - Velocimacro : autoload off  : VM system will not automatically reload global library macros
2019-11-07 15:11:49,477 - Velocimacro : initialization complete.
2019-11-07 15:11:49,477 - Velocity successfully started.
2019-11-07 15:12:52,107 - SimpleLog4JLogSystem initialized using logfile 'velocity.log'
2019-11-07 15:12:52,108 - ************************************************************** 
2019-11-07 15:12:52,108 - Starting Jakarta Velocity v1.4
2019-11-07 15:12:52,108 - RuntimeInstance initializing.
2019-11-07 15:12:52,108 - Default Properties File: org/apache/velocity/runtime/defaults/velocity.properties
2019-11-07 15:12:52,108 - Trying to use logger class org.apache.velocity.runtime.log.SimpleLog4JLogSystem
2019-11-07 15:12:52,108 - Using logger class org.apache.velocity.runtime.log.SimpleLog4JLogSystem
2019-11-07 15:12:52,109 - Default ResourceManager initializing. (class org.apache.velocity.runtime.resource.ResourceManagerImpl)
2019-11-07 15:12:52,110 - Resource Loader Instantiated: org.apache.velocity.runtime.resource.loader.ClasspathResourceLoader
2019-11-07 15:12:52,110 - ClasspathResourceLoader : initialization starting.
2019-11-07 15:12:52,110 - ClasspathResourceLoader : initialization complete.
2019-11-07 15:12:52,110 - ResourceCache : initialized. (class org.apache.velocity.runtime.resource.ResourceCacheImpl)
2019-11-07 15:12:52,110 - Default ResourceManager initialization complete.
2019-11-07 15:12:52,111 - Loaded System Directive: org.apache.velocity.runtime.directive.Literal
2019-11-07 15:12:52,111 - Loaded System Directive: org.apache.velocity.runtime.directive.Macro
2019-11-07 15:12:52,112 - Loaded System Directive: org.apache.velocity.runtime.directive.Parse
2019-11-07 15:12:52,113 - Loaded System Directive: org.apache.velocity.runtime.directive.Include
2019-11-07 15:12:52,113 - Loaded System Directive: org.apache.velocity.runtime.directive.Foreach
2019-11-07 15:12:52,125 - Created: 20 parsers.
2019-11-07 15:12:52,127 - Velocimacro : initialization starting.
2019-11-07 15:12:52,127 - Velocimacro : adding VMs from VM library template : VM_global_library.vm
2019-11-07 15:12:52,128 - ResourceManager : unable to find resource 'VM_global_library.vm' in any resource loader.
2019-11-07 15:12:52,128 - Velocimacro : error using  VM library template VM_global_library.vm : org.apache.velocity.exception.ResourceNotFoundException: Unable to find resource 'VM_global_library.vm'
2019-11-07 15:12:52,128 - Velocimacro :  VM library template macro registration complete.
2019-11-07 15:12:52,128 - Velocimacro : allowInline = true : VMs can be defined inline in templates
2019-11-07 15:12:52,128 - Velocimacro : allowInlineToOverride = false : VMs defined inline may NOT replace previous VM definitions
2019-11-07 15:12:52,128 - Velocimacro : allowInlineLocal = false : VMs defined inline will be  global in scope if allowed.
2019-11-07 15:12:52,128 - Velocimacro : messages on  : VM system will output logging messages
2019-11-07 15:12:52,128 - Velocimacro : autoload off  : VM system will not automatically reload global library macros
2019-11-07 15:12:52,128 - Velocimacro : initialization complete.
2019-11-07 15:12:52,128 - Velocity successfully started.
2019-11-07 15:13:28,303 - SimpleLog4JLogSystem initialized using logfile 'velocity.log'
2019-11-07 15:13:28,303 - ************************************************************** 
2019-11-07 15:13:28,303 - Starting Jakarta Velocity v1.4
2019-11-07 15:13:28,304 - RuntimeInstance initializing.
2019-11-07 15:13:28,304 - Default Properties File: org/apache/velocity/runtime/defaults/velocity.properties
2019-11-07 15:13:28,304 - Trying to use logger class org.apache.velocity.runtime.log.SimpleLog4JLogSystem
2019-11-07 15:13:28,304 - Using logger class org.apache.velocity.runtime.log.SimpleLog4JLogSystem
2019-11-07 15:13:28,305 - Default ResourceManager initializing. (class org.apache.velocity.runtime.resource.ResourceManagerImpl)
2019-11-07 15:13:28,306 - Resource Loader Instantiated: org.apache.velocity.runtime.resource.loader.ClasspathResourceLoader
2019-11-07 15:13:28,306 - ClasspathResourceLoader : initialization starting.
2019-11-07 15:13:28,306 - ClasspathResourceLoader : initialization complete.
2019-11-07 15:13:28,307 - ResourceCache : initialized. (class org.apache.velocity.runtime.resource.ResourceCacheImpl)
2019-11-07 15:13:28,307 - Default ResourceManager initialization complete.
2019-11-07 15:13:28,308 - Loaded System Directive: org.apache.velocity.runtime.directive.Literal
2019-11-07 15:13:28,308 - Loaded System Directive: org.apache.velocity.runtime.directive.Macro
2019-11-07 15:13:28,309 - Loaded System Directive: org.apache.velocity.runtime.directive.Parse
2019-11-07 15:13:28,310 - Loaded System Directive: org.apache.velocity.runtime.directive.Include
2019-11-07 15:13:28,310 - Loaded System Directive: org.apache.velocity.runtime.directive.Foreach
2019-11-07 15:13:28,323 - Created: 20 parsers.
2019-11-07 15:13:28,326 - Velocimacro : initialization starting.
2019-11-07 15:13:28,326 - Velocimacro : adding VMs from VM library template : VM_global_library.vm
2019-11-07 15:13:28,328 - ResourceManager : unable to find resource 'VM_global_library.vm' in any resource loader.
2019-11-07 15:13:28,328 - Velocimacro : error using  VM library template VM_global_library.vm : org.apache.velocity.exception.ResourceNotFoundException: Unable to find resource 'VM_global_library.vm'
2019-11-07 15:13:28,328 - Velocimacro :  VM library template macro registration complete.
2019-11-07 15:13:28,328 - Velocimacro : allowInline = true : VMs can be defined inline in templates
2019-11-07 15:13:28,328 - Velocimacro : allowInlineToOverride = false : VMs defined inline may NOT replace previous VM definitions
2019-11-07 15:13:28,328 - Velocimacro : allowInlineLocal = false : VMs defined inline will be  global in scope if allowed.
2019-11-07 15:13:28,328 - Velocimacro : messages on  : VM system will output logging messages
2019-11-07 15:13:28,328 - Velocimacro : autoload off  : VM system will not automatically reload global library macros
2019-11-07 15:13:28,328 - Velocimacro : initialization complete.
2019-11-07 15:13:28,328 - Velocity successfully started.
2019-11-07 15:16:18,086 - SimpleLog4JLogSystem initialized using logfile 'velocity.log'
2019-11-07 15:16:18,086 - ************************************************************** 
2019-11-07 15:16:18,086 - Starting Jakarta Velocity v1.4
2019-11-07 15:16:18,086 - RuntimeInstance initializing.
2019-11-07 15:16:18,086 - Default Properties File: org/apache/velocity/runtime/defaults/velocity.properties
2019-11-07 15:16:18,086 - Trying to use logger class org.apache.velocity.runtime.log.SimpleLog4JLogSystem
2019-11-07 15:16:18,086 - Using logger class org.apache.velocity.runtime.log.SimpleLog4JLogSystem
2019-11-07 15:16:18,087 - Default ResourceManager initializing. (class org.apache.velocity.runtime.resource.ResourceManagerImpl)
2019-11-07 15:16:18,088 - Resource Loader Instantiated: org.apache.velocity.runtime.resource.loader.ClasspathResourceLoader
2019-11-07 15:16:18,088 - ClasspathResourceLoader : initialization starting.
2019-11-07 15:16:18,088 - ClasspathResourceLoader : initialization complete.
2019-11-07 15:16:18,089 - ResourceCache : initialized. (class org.apache.velocity.runtime.resource.ResourceCacheImpl)
2019-11-07 15:16:18,089 - Default ResourceManager initialization complete.
2019-11-07 15:16:18,090 - Loaded System Directive: org.apache.velocity.runtime.directive.Literal
2019-11-07 15:16:18,090 - Loaded System Directive: org.apache.velocity.runtime.directive.Macro
2019-11-07 15:16:18,092 - Loaded System Directive: org.apache.velocity.runtime.directive.Parse
2019-11-07 15:16:18,092 - Loaded System Directive: org.apache.velocity.runtime.directive.Include
2019-11-07 15:16:18,093 - Loaded System Directive: org.apache.velocity.runtime.directive.Foreach
2019-11-07 15:16:18,111 - Created: 20 parsers.
2019-11-07 15:16:18,114 - Velocimacro : initialization starting.
2019-11-07 15:16:18,114 - Velocimacro : adding VMs from VM library template : VM_global_library.vm
2019-11-07 15:16:18,115 - ResourceManager : unable to find resource 'VM_global_library.vm' in any resource loader.
2019-11-07 15:16:18,115 - Velocimacro : error using  VM library template VM_global_library.vm : org.apache.velocity.exception.ResourceNotFoundException: Unable to find resource 'VM_global_library.vm'
2019-11-07 15:16:18,115 - Velocimacro :  VM library template macro registration complete.
2019-11-07 15:16:18,115 - Velocimacro : allowInline = true : VMs can be defined inline in templates
2019-11-07 15:16:18,115 - Velocimacro : allowInlineToOverride = false : VMs defined inline may NOT replace previous VM definitions
2019-11-07 15:16:18,115 - Velocimacro : allowInlineLocal = false : VMs defined inline will be  global in scope if allowed.
2019-11-07 15:16:18,115 - Velocimacro : messages on  : VM system will output logging messages
2019-11-07 15:16:18,115 - Velocimacro : autoload off  : VM system will not automatically reload global library macros
2019-11-07 15:16:18,115 - Velocimacro : initialization complete.
2019-11-07 15:16:18,115 - Velocity successfully started.
2019-11-07 15:17:08,180 - SimpleLog4JLogSystem initialized using logfile 'velocity.log'
2019-11-07 15:17:08,180 - ************************************************************** 
2019-11-07 15:17:08,180 - Starting Jakarta Velocity v1.4
2019-11-07 15:17:08,180 - RuntimeInstance initializing.
2019-11-07 15:17:08,180 - Default Properties File: org/apache/velocity/runtime/defaults/velocity.properties
2019-11-07 15:17:08,180 - Trying to use logger class org.apache.velocity.runtime.log.SimpleLog4JLogSystem
2019-11-07 15:17:08,180 - Using logger class org.apache.velocity.runtime.log.SimpleLog4JLogSystem
2019-11-07 15:17:08,181 - Default ResourceManager initializing. (class org.apache.velocity.runtime.resource.ResourceManagerImpl)
2019-11-07 15:17:08,182 - Resource Loader Instantiated: org.apache.velocity.runtime.resource.loader.ClasspathResourceLoader
2019-11-07 15:17:08,182 - ClasspathResourceLoader : initialization starting.
2019-11-07 15:17:08,182 - ClasspathResourceLoader : initialization complete.
2019-11-07 15:17:08,182 - ResourceCache : initialized. (class org.apache.velocity.runtime.resource.ResourceCacheImpl)
2019-11-07 15:17:08,183 - Default ResourceManager initialization complete.
2019-11-07 15:17:08,184 - Loaded System Directive: org.apache.velocity.runtime.directive.Literal
2019-11-07 15:17:08,185 - Loaded System Directive: org.apache.velocity.runtime.directive.Macro
2019-11-07 15:17:08,186 - Loaded System Directive: org.apache.velocity.runtime.directive.Parse
2019-11-07 15:17:08,187 - Loaded System Directive: org.apache.velocity.runtime.directive.Include
2019-11-07 15:17:08,187 - Loaded System Directive: org.apache.velocity.runtime.directive.Foreach
2019-11-07 15:17:08,207 - Created: 20 parsers.
2019-11-07 15:17:08,211 - Velocimacro : initialization starting.
2019-11-07 15:17:08,211 - Velocimacro : adding VMs from VM library template : VM_global_library.vm
2019-11-07 15:17:08,213 - ResourceManager : unable to find resource 'VM_global_library.vm' in any resource loader.
2019-11-07 15:17:08,213 - Velocimacro : error using  VM library template VM_global_library.vm : org.apache.velocity.exception.ResourceNotFoundException: Unable to find resource 'VM_global_library.vm'
2019-11-07 15:17:08,213 - Velocimacro :  VM library template macro registration complete.
2019-11-07 15:17:08,213 - Velocimacro : allowInline = true : VMs can be defined inline in templates
2019-11-07 15:17:08,213 - Velocimacro : allowInlineToOverride = false : VMs defined inline may NOT replace previous VM definitions
2019-11-07 15:17:08,213 - Velocimacro : allowInlineLocal = false : VMs defined inline will be  global in scope if allowed.
2019-11-07 15:17:08,213 - Velocimacro : messages on  : VM system will output logging messages
2019-11-07 15:17:08,213 - Velocimacro : autoload off  : VM system will not automatically reload global library macros
2019-11-07 15:17:08,213 - Velocimacro : initialization complete.
2019-11-07 15:17:08,213 - Velocity successfully started.
2019-11-07 15:17:39,004 - SimpleLog4JLogSystem initialized using logfile 'velocity.log'
2019-11-07 15:17:39,004 - ************************************************************** 
2019-11-07 15:17:39,004 - Starting Jakarta Velocity v1.4
2019-11-07 15:17:39,005 - RuntimeInstance initializing.
2019-11-07 15:17:39,005 - Default Properties File: org/apache/velocity/runtime/defaults/velocity.properties
2019-11-07 15:17:39,005 - Trying to use logger class org.apache.velocity.runtime.log.SimpleLog4JLogSystem
2019-11-07 15:17:39,005 - Using logger class org.apache.velocity.runtime.log.SimpleLog4JLogSystem
2019-11-07 15:17:39,006 - Default ResourceManager initializing. (class org.apache.velocity.runtime.resource.ResourceManagerImpl)
2019-11-07 15:17:39,007 - Resource Loader Instantiated: org.apache.velocity.runtime.resource.loader.ClasspathResourceLoader
2019-11-07 15:17:39,007 - ClasspathResourceLoader : initialization starting.
2019-11-07 15:17:39,007 - ClasspathResourceLoader : initialization complete.
2019-11-07 15:17:39,008 - ResourceCache : initialized. (class org.apache.velocity.runtime.resource.ResourceCacheImpl)
2019-11-07 15:17:39,008 - Default ResourceManager initialization complete.
2019-11-07 15:17:39,010 - Loaded System Directive: org.apache.velocity.runtime.directive.Literal
2019-11-07 15:17:39,011 - Loaded System Directive: org.apache.velocity.runtime.directive.Macro
2019-11-07 15:17:39,012 - Loaded System Directive: org.apache.velocity.runtime.directive.Parse
2019-11-07 15:17:39,013 - Loaded System Directive: org.apache.velocity.runtime.directive.Include
2019-11-07 15:17:39,013 - Loaded System Directive: org.apache.velocity.runtime.directive.Foreach
2019-11-07 15:17:39,033 - Created: 20 parsers.
2019-11-07 15:17:39,036 - Velocimacro : initialization starting.
2019-11-07 15:17:39,037 - Velocimacro : adding VMs from VM library template : VM_global_library.vm
2019-11-07 15:17:39,038 - ResourceManager : unable to find resource 'VM_global_library.vm' in any resource loader.
2019-11-07 15:17:39,038 - Velocimacro : error using  VM library template VM_global_library.vm : org.apache.velocity.exception.ResourceNotFoundException: Unable to find resource 'VM_global_library.vm'
2019-11-07 15:17:39,038 - Velocimacro :  VM library template macro registration complete.
2019-11-07 15:17:39,038 - Velocimacro : allowInline = true : VMs can be defined inline in templates
2019-11-07 15:17:39,038 - Velocimacro : allowInlineToOverride = false : VMs defined inline may NOT replace previous VM definitions
2019-11-07 15:17:39,038 - Velocimacro : allowInlineLocal = false : VMs defined inline will be  global in scope if allowed.
2019-11-07 15:17:39,038 - Velocimacro : messages on  : VM system will output logging messages
2019-11-07 15:17:39,038 - Velocimacro : autoload off  : VM system will not automatically reload global library macros
2019-11-07 15:17:39,038 - Velocimacro : initialization complete.
2019-11-07 15:17:39,038 - Velocity successfully started.
2019-11-07 15:19:55,613 - SimpleLog4JLogSystem initialized using logfile 'velocity.log'
2019-11-07 15:19:55,613 - ************************************************************** 
2019-11-07 15:19:55,613 - Starting Jakarta Velocity v1.4
2019-11-07 15:19:55,613 - RuntimeInstance initializing.
2019-11-07 15:19:55,613 - Default Properties File: org/apache/velocity/runtime/defaults/velocity.properties
2019-11-07 15:19:55,613 - Trying to use logger class org.apache.velocity.runtime.log.SimpleLog4JLogSystem
2019-11-07 15:19:55,613 - Using logger class org.apache.velocity.runtime.log.SimpleLog4JLogSystem
2019-11-07 15:19:55,614 - Default ResourceManager initializing. (class org.apache.velocity.runtime.resource.ResourceManagerImpl)
2019-11-07 15:19:55,615 - Resource Loader Instantiated: org.apache.velocity.runtime.resource.loader.ClasspathResourceLoader
2019-11-07 15:19:55,615 - ClasspathResourceLoader : initialization starting.
2019-11-07 15:19:55,615 - ClasspathResourceLoader : initialization complete.
2019-11-07 15:19:55,616 - ResourceCache : initialized. (class org.apache.velocity.runtime.resource.ResourceCacheImpl)
2019-11-07 15:19:55,616 - Default ResourceManager initialization complete.
2019-11-07 15:19:55,616 - Loaded System Directive: org.apache.velocity.runtime.directive.Literal
2019-11-07 15:19:55,617 - Loaded System Directive: org.apache.velocity.runtime.directive.Macro
2019-11-07 15:19:55,617 - Loaded System Directive: org.apache.velocity.runtime.directive.Parse
2019-11-07 15:19:55,618 - Loaded System Directive: org.apache.velocity.runtime.directive.Include
2019-11-07 15:19:55,618 - Loaded System Directive: org.apache.velocity.runtime.directive.Foreach
2019-11-07 15:19:55,629 - Created: 20 parsers.
2019-11-07 15:19:55,631 - Velocimacro : initialization starting.
2019-11-07 15:19:55,631 - Velocimacro : adding VMs from VM library template : VM_global_library.vm
2019-11-07 15:19:55,632 - ResourceManager : unable to find resource 'VM_global_library.vm' in any resource loader.
2019-11-07 15:19:55,632 - Velocimacro : error using  VM library template VM_global_library.vm : org.apache.velocity.exception.ResourceNotFoundException: Unable to find resource 'VM_global_library.vm'
2019-11-07 15:19:55,632 - Velocimacro :  VM library template macro registration complete.
2019-11-07 15:19:55,632 - Velocimacro : allowInline = true : VMs can be defined inline in templates
2019-11-07 15:19:55,632 - Velocimacro : allowInlineToOverride = false : VMs defined inline may NOT replace previous VM definitions
2019-11-07 15:19:55,633 - Velocimacro : allowInlineLocal = false : VMs defined inline will be  global in scope if allowed.
2019-11-07 15:19:55,633 - Velocimacro : messages on  : VM system will output logging messages
2019-11-07 15:19:55,633 - Velocimacro : autoload off  : VM system will not automatically reload global library macros
2019-11-07 15:19:55,633 - Velocimacro : initialization complete.
2019-11-07 15:19:55,633 - Velocity successfully started.
2019-11-07 15:22:28,864 - SimpleLog4JLogSystem initialized using logfile 'velocity.log'
2019-11-07 15:22:28,864 - ************************************************************** 
2019-11-07 15:22:28,865 - Starting Jakarta Velocity v1.4
2019-11-07 15:22:28,865 - RuntimeInstance initializing.
2019-11-07 15:22:28,865 - Default Properties File: org/apache/velocity/runtime/defaults/velocity.properties
2019-11-07 15:22:28,865 - Trying to use logger class org.apache.velocity.runtime.log.SimpleLog4JLogSystem
2019-11-07 15:22:28,865 - Using logger class org.apache.velocity.runtime.log.SimpleLog4JLogSystem
2019-11-07 15:22:28,866 - Default ResourceManager initializing. (class org.apache.velocity.runtime.resource.ResourceManagerImpl)
2019-11-07 15:22:28,867 - Resource Loader Instantiated: org.apache.velocity.runtime.resource.loader.ClasspathResourceLoader
2019-11-07 15:22:28,867 - ClasspathResourceLoader : initialization starting.
2019-11-07 15:22:28,867 - ClasspathResourceLoader : initialization complete.
2019-11-07 15:22:28,868 - ResourceCache : initialized. (class org.apache.velocity.runtime.resource.ResourceCacheImpl)
2019-11-07 15:22:28,868 - Default ResourceManager initialization complete.
2019-11-07 15:22:28,868 - Loaded System Directive: org.apache.velocity.runtime.directive.Literal
2019-11-07 15:22:28,869 - Loaded System Directive: org.apache.velocity.runtime.directive.Macro
2019-11-07 15:22:28,870 - Loaded System Directive: org.apache.velocity.runtime.directive.Parse
2019-11-07 15:22:28,870 - Loaded System Directive: org.apache.velocity.runtime.directive.Include
2019-11-07 15:22:28,870 - Loaded System Directive: org.apache.velocity.runtime.directive.Foreach
2019-11-07 15:22:28,882 - Created: 20 parsers.
2019-11-07 15:22:28,884 - Velocimacro : initialization starting.
2019-11-07 15:22:28,884 - Velocimacro : adding VMs from VM library template : VM_global_library.vm
2019-11-07 15:22:28,885 - ResourceManager : unable to find resource 'VM_global_library.vm' in any resource loader.
2019-11-07 15:22:28,885 - Velocimacro : error using  VM library template VM_global_library.vm : org.apache.velocity.exception.ResourceNotFoundException: Unable to find resource 'VM_global_library.vm'
2019-11-07 15:22:28,885 - Velocimacro :  VM library template macro registration complete.
2019-11-07 15:22:28,885 - Velocimacro : allowInline = true : VMs can be defined inline in templates
2019-11-07 15:22:28,885 - Velocimacro : allowInlineToOverride = false : VMs defined inline may NOT replace previous VM definitions
2019-11-07 15:22:28,885 - Velocimacro : allowInlineLocal = false : VMs defined inline will be  global in scope if allowed.
2019-11-07 15:22:28,885 - Velocimacro : messages on  : VM system will output logging messages
2019-11-07 15:22:28,885 - Velocimacro : autoload off  : VM system will not automatically reload global library macros
2019-11-07 15:22:28,885 - Velocimacro : initialization complete.
2019-11-07 15:22:28,885 - Velocity successfully started.
2019-11-07 15:24:20,787 - SimpleLog4JLogSystem initialized using logfile 'velocity.log'
2019-11-07 15:24:20,787 - ************************************************************** 
2019-11-07 15:24:20,788 - Starting Jakarta Velocity v1.4
2019-11-07 15:24:20,788 - RuntimeInstance initializing.
2019-11-07 15:24:20,788 - Default Properties File: org/apache/velocity/runtime/defaults/velocity.properties
2019-11-07 15:24:20,788 - Trying to use logger class org.apache.velocity.runtime.log.SimpleLog4JLogSystem
2019-11-07 15:24:20,788 - Using logger class org.apache.velocity.runtime.log.SimpleLog4JLogSystem
2019-11-07 15:24:20,789 - Default ResourceManager initializing. (class org.apache.velocity.runtime.resource.ResourceManagerImpl)
2019-11-07 15:24:20,789 - Resource Loader Instantiated: org.apache.velocity.runtime.resource.loader.ClasspathResourceLoader
2019-11-07 15:24:20,789 - ClasspathResourceLoader : initialization starting.
2019-11-07 15:24:20,789 - ClasspathResourceLoader : initialization complete.
2019-11-07 15:24:20,790 - ResourceCache : initialized. (class org.apache.velocity.runtime.resource.ResourceCacheImpl)
2019-11-07 15:24:20,790 - Default ResourceManager initialization complete.
2019-11-07 15:24:20,790 - Loaded System Directive: org.apache.velocity.runtime.directive.Literal
2019-11-07 15:24:20,791 - Loaded System Directive: org.apache.velocity.runtime.directive.Macro
2019-11-07 15:24:20,792 - Loaded System Directive: org.apache.velocity.runtime.directive.Parse
2019-11-07 15:24:20,792 - Loaded System Directive: org.apache.velocity.runtime.directive.Include
2019-11-07 15:24:20,793 - Loaded System Directive: org.apache.velocity.runtime.directive.Foreach
2019-11-07 15:24:20,804 - Created: 20 parsers.
2019-11-07 15:24:20,806 - Velocimacro : initialization starting.
2019-11-07 15:24:20,806 - Velocimacro : adding VMs from VM library template : VM_global_library.vm
2019-11-07 15:24:20,807 - ResourceManager : unable to find resource 'VM_global_library.vm' in any resource loader.
2019-11-07 15:24:20,807 - Velocimacro : error using  VM library template VM_global_library.vm : org.apache.velocity.exception.ResourceNotFoundException: Unable to find resource 'VM_global_library.vm'
2019-11-07 15:24:20,807 - Velocimacro :  VM library template macro registration complete.
2019-11-07 15:24:20,807 - Velocimacro : allowInline = true : VMs can be defined inline in templates
2019-11-07 15:24:20,807 - Velocimacro : allowInlineToOverride = false : VMs defined inline may NOT replace previous VM definitions
2019-11-07 15:24:20,807 - Velocimacro : allowInlineLocal = false : VMs defined inline will be  global in scope if allowed.
2019-11-07 15:24:20,807 - Velocimacro : messages on  : VM system will output logging messages
2019-11-07 15:24:20,807 - Velocimacro : autoload off  : VM system will not automatically reload global library macros
2019-11-07 15:24:20,807 - Velocimacro : initialization complete.
2019-11-07 15:24:20,807 - Velocity successfully started.
2019-11-07 15:27:21,351 - SimpleLog4JLogSystem initialized using logfile 'velocity.log'
2019-11-07 15:27:21,351 - ************************************************************** 
2019-11-07 15:27:21,351 - Starting Jakarta Velocity v1.4
2019-11-07 15:27:21,351 - RuntimeInstance initializing.
2019-11-07 15:27:21,351 - Default Properties File: org/apache/velocity/runtime/defaults/velocity.properties
2019-11-07 15:27:21,351 - Trying to use logger class org.apache.velocity.runtime.log.SimpleLog4JLogSystem
2019-11-07 15:27:21,351 - Using logger class org.apache.velocity.runtime.log.SimpleLog4JLogSystem
2019-11-07 15:27:21,352 - Default ResourceManager initializing. (class org.apache.velocity.runtime.resource.ResourceManagerImpl)
2019-11-07 15:27:21,353 - Resource Loader Instantiated: org.apache.velocity.runtime.resource.loader.ClasspathResourceLoader
2019-11-07 15:27:21,353 - ClasspathResourceLoader : initialization starting.
2019-11-07 15:27:21,353 - ClasspathResourceLoader : initialization complete.
2019-11-07 15:27:21,354 - ResourceCache : initialized. (class org.apache.velocity.runtime.resource.ResourceCacheImpl)
2019-11-07 15:27:21,354 - Default ResourceManager initialization complete.
2019-11-07 15:27:21,355 - Loaded System Directive: org.apache.velocity.runtime.directive.Literal
2019-11-07 15:27:21,355 - Loaded System Directive: org.apache.velocity.runtime.directive.Macro
2019-11-07 15:27:21,356 - Loaded System Directive: org.apache.velocity.runtime.directive.Parse
2019-11-07 15:27:21,356 - Loaded System Directive: org.apache.velocity.runtime.directive.Include
2019-11-07 15:27:21,357 - Loaded System Directive: org.apache.velocity.runtime.directive.Foreach
2019-11-07 15:27:21,369 - Created: 20 parsers.
2019-11-07 15:27:21,371 - Velocimacro : initialization starting.
2019-11-07 15:27:21,372 - Velocimacro : adding VMs from VM library template : VM_global_library.vm
2019-11-07 15:27:21,373 - ResourceManager : unable to find resource 'VM_global_library.vm' in any resource loader.
2019-11-07 15:27:21,373 - Velocimacro : error using  VM library template VM_global_library.vm : org.apache.velocity.exception.ResourceNotFoundException: Unable to find resource 'VM_global_library.vm'
2019-11-07 15:27:21,373 - Velocimacro :  VM library template macro registration complete.
2019-11-07 15:27:21,373 - Velocimacro : allowInline = true : VMs can be defined inline in templates
2019-11-07 15:27:21,373 - Velocimacro : allowInlineToOverride = false : VMs defined inline may NOT replace previous VM definitions
2019-11-07 15:27:21,373 - Velocimacro : allowInlineLocal = false : VMs defined inline will be  global in scope if allowed.
2019-11-07 15:27:21,373 - Velocimacro : messages on  : VM system will output logging messages
2019-11-07 15:27:21,373 - Velocimacro : autoload off  : VM system will not automatically reload global library macros
2019-11-07 15:27:21,373 - Velocimacro : initialization complete.
2019-11-07 15:27:21,373 - Velocity successfully started.
2019-11-07 15:27:57,926 - SimpleLog4JLogSystem initialized using logfile 'velocity.log'
2019-11-07 15:27:57,927 - ************************************************************** 
2019-11-07 15:27:57,927 - Starting Jakarta Velocity v1.4
2019-11-07 15:27:57,927 - RuntimeInstance initializing.
2019-11-07 15:27:57,927 - Default Properties File: org/apache/velocity/runtime/defaults/velocity.properties
2019-11-07 15:27:57,927 - Trying to use logger class org.apache.velocity.runtime.log.SimpleLog4JLogSystem
2019-11-07 15:27:57,927 - Using logger class org.apache.velocity.runtime.log.SimpleLog4JLogSystem
2019-11-07 15:27:57,928 - Default ResourceManager initializing. (class org.apache.velocity.runtime.resource.ResourceManagerImpl)
2019-11-07 15:27:57,929 - Resource Loader Instantiated: org.apache.velocity.runtime.resource.loader.ClasspathResourceLoader
2019-11-07 15:27:57,929 - ClasspathResourceLoader : initialization starting.
2019-11-07 15:27:57,929 - ClasspathResourceLoader : initialization complete.
2019-11-07 15:27:57,930 - ResourceCache : initialized. (class org.apache.velocity.runtime.resource.ResourceCacheImpl)
2019-11-07 15:27:57,930 - Default ResourceManager initialization complete.
2019-11-07 15:27:57,931 - Loaded System Directive: org.apache.velocity.runtime.directive.Literal
2019-11-07 15:27:57,931 - Loaded System Directive: org.apache.velocity.runtime.directive.Macro
2019-11-07 15:27:57,932 - Loaded System Directive: org.apache.velocity.runtime.directive.Parse
2019-11-07 15:27:57,933 - Loaded System Directive: org.apache.velocity.runtime.directive.Include
2019-11-07 15:27:57,933 - Loaded System Directive: org.apache.velocity.runtime.directive.Foreach
2019-11-07 15:27:57,946 - Created: 20 parsers.
2019-11-07 15:27:57,948 - Velocimacro : initialization starting.
2019-11-07 15:27:57,949 - Velocimacro : adding VMs from VM library template : VM_global_library.vm
2019-11-07 15:27:57,950 - ResourceManager : unable to find resource 'VM_global_library.vm' in any resource loader.
2019-11-07 15:27:57,950 - Velocimacro : error using  VM library template VM_global_library.vm : org.apache.velocity.exception.ResourceNotFoundException: Unable to find resource 'VM_global_library.vm'
2019-11-07 15:27:57,950 - Velocimacro :  VM library template macro registration complete.
2019-11-07 15:27:57,950 - Velocimacro : allowInline = true : VMs can be defined inline in templates
2019-11-07 15:27:57,950 - Velocimacro : allowInlineToOverride = false : VMs defined inline may NOT replace previous VM definitions
2019-11-07 15:27:57,950 - Velocimacro : allowInlineLocal = false : VMs defined inline will be  global in scope if allowed.
2019-11-07 15:27:57,950 - Velocimacro : messages on  : VM system will output logging messages
2019-11-07 15:27:57,950 - Velocimacro : autoload off  : VM system will not automatically reload global library macros
2019-11-07 15:27:57,950 - Velocimacro : initialization complete.
2019-11-07 15:27:57,950 - Velocity successfully started.
2019-11-07 15:30:58,728 - SimpleLog4JLogSystem initialized using logfile 'velocity.log'
2019-11-07 15:30:58,728 - ************************************************************** 
2019-11-07 15:30:58,728 - Starting Jakarta Velocity v1.4
2019-11-07 15:30:58,728 - RuntimeInstance initializing.
2019-11-07 15:30:58,728 - Default Properties File: org/apache/velocity/runtime/defaults/velocity.properties
2019-11-07 15:30:58,728 - Trying to use logger class org.apache.velocity.runtime.log.SimpleLog4JLogSystem
2019-11-07 15:30:58,728 - Using logger class org.apache.velocity.runtime.log.SimpleLog4JLogSystem
2019-11-07 15:30:58,729 - Default ResourceManager initializing. (class org.apache.velocity.runtime.resource.ResourceManagerImpl)
2019-11-07 15:30:58,730 - Resource Loader Instantiated: org.apache.velocity.runtime.resource.loader.ClasspathResourceLoader
2019-11-07 15:30:58,730 - ClasspathResourceLoader : initialization starting.
2019-11-07 15:30:58,730 - ClasspathResourceLoader : initialization complete.
2019-11-07 15:30:58,731 - ResourceCache : initialized. (class org.apache.velocity.runtime.resource.ResourceCacheImpl)
2019-11-07 15:30:58,731 - Default ResourceManager initialization complete.
2019-11-07 15:30:58,731 - Loaded System Directive: org.apache.velocity.runtime.directive.Literal
2019-11-07 15:30:58,732 - Loaded System Directive: org.apache.velocity.runtime.directive.Macro
2019-11-07 15:30:58,733 - Loaded System Directive: org.apache.velocity.runtime.directive.Parse
2019-11-07 15:30:58,733 - Loaded System Directive: org.apache.velocity.runtime.directive.Include
2019-11-07 15:30:58,733 - Loaded System Directive: org.apache.velocity.runtime.directive.Foreach
2019-11-07 15:30:58,745 - Created: 20 parsers.
2019-11-07 15:30:58,747 - Velocimacro : initialization starting.
2019-11-07 15:30:58,747 - Velocimacro : adding VMs from VM library template : VM_global_library.vm
2019-11-07 15:30:58,748 - ResourceManager : unable to find resource 'VM_global_library.vm' in any resource loader.
2019-11-07 15:30:58,748 - Velocimacro : error using  VM library template VM_global_library.vm : org.apache.velocity.exception.ResourceNotFoundException: Unable to find resource 'VM_global_library.vm'
2019-11-07 15:30:58,748 - Velocimacro :  VM library template macro registration complete.
2019-11-07 15:30:58,748 - Velocimacro : allowInline = true : VMs can be defined inline in templates
2019-11-07 15:30:58,748 - Velocimacro : allowInlineToOverride = false : VMs defined inline may NOT replace previous VM definitions
2019-11-07 15:30:58,748 - Velocimacro : allowInlineLocal = false : VMs defined inline will be  global in scope if allowed.
2019-11-07 15:30:58,748 - Velocimacro : messages on  : VM system will output logging messages
2019-11-07 15:30:58,748 - Velocimacro : autoload off  : VM system will not automatically reload global library macros
2019-11-07 15:30:58,748 - Velocimacro : initialization complete.
2019-11-07 15:30:58,748 - Velocity successfully started.
2019-11-07 15:33:51,815 - SimpleLog4JLogSystem initialized using logfile 'velocity.log'
2019-11-07 15:33:51,815 - ************************************************************** 
2019-11-07 15:33:51,815 - Starting Jakarta Velocity v1.4
2019-11-07 15:33:51,815 - RuntimeInstance initializing.
2019-11-07 15:33:51,815 - Default Properties File: org/apache/velocity/runtime/defaults/velocity.properties
2019-11-07 15:33:51,815 - Trying to use logger class org.apache.velocity.runtime.log.SimpleLog4JLogSystem
2019-11-07 15:33:51,815 - Using logger class org.apache.velocity.runtime.log.SimpleLog4JLogSystem
2019-11-07 15:33:51,816 - Default ResourceManager initializing. (class org.apache.velocity.runtime.resource.ResourceManagerImpl)
2019-11-07 15:33:51,817 - Resource Loader Instantiated: org.apache.velocity.runtime.resource.loader.ClasspathResourceLoader
2019-11-07 15:33:51,817 - ClasspathResourceLoader : initialization starting.
2019-11-07 15:33:51,817 - ClasspathResourceLoader : initialization complete.
2019-11-07 15:33:51,817 - ResourceCache : initialized. (class org.apache.velocity.runtime.resource.ResourceCacheImpl)
2019-11-07 15:33:51,817 - Default ResourceManager initialization complete.
2019-11-07 15:33:51,818 - Loaded System Directive: org.apache.velocity.runtime.directive.Literal
2019-11-07 15:33:51,819 - Loaded System Directive: org.apache.velocity.runtime.directive.Macro
2019-11-07 15:33:51,819 - Loaded System Directive: org.apache.velocity.runtime.directive.Parse
2019-11-07 15:33:51,820 - Loaded System Directive: org.apache.velocity.runtime.directive.Include
2019-11-07 15:33:51,821 - Loaded System Directive: org.apache.velocity.runtime.directive.Foreach
2019-11-07 15:33:51,833 - Created: 20 parsers.
2019-11-07 15:33:51,835 - Velocimacro : initialization starting.
2019-11-07 15:33:51,835 - Velocimacro : adding VMs from VM library template : VM_global_library.vm
2019-11-07 15:33:51,836 - ResourceManager : unable to find resource 'VM_global_library.vm' in any resource loader.
2019-11-07 15:33:51,836 - Velocimacro : error using  VM library template VM_global_library.vm : org.apache.velocity.exception.ResourceNotFoundException: Unable to find resource 'VM_global_library.vm'
2019-11-07 15:33:51,836 - Velocimacro :  VM library template macro registration complete.
2019-11-07 15:33:51,836 - Velocimacro : allowInline = true : VMs can be defined inline in templates
2019-11-07 15:33:51,836 - Velocimacro : allowInlineToOverride = false : VMs defined inline may NOT replace previous VM definitions
2019-11-07 15:33:51,836 - Velocimacro : allowInlineLocal = false : VMs defined inline will be  global in scope if allowed.
2019-11-07 15:33:51,836 - Velocimacro : messages on  : VM system will output logging messages
2019-11-07 15:33:51,837 - Velocimacro : autoload off  : VM system will not automatically reload global library macros
2019-11-07 15:33:51,837 - Velocimacro : initialization complete.
2019-11-07 15:33:51,837 - Velocity successfully started.
2019-11-07 15:36:40,028 - SimpleLog4JLogSystem initialized using logfile 'velocity.log'
2019-11-07 15:36:40,028 - ************************************************************** 
2019-11-07 15:36:40,028 - Starting Jakarta Velocity v1.4
2019-11-07 15:36:40,028 - RuntimeInstance initializing.
2019-11-07 15:36:40,028 - Default Properties File: org/apache/velocity/runtime/defaults/velocity.properties
2019-11-07 15:36:40,028 - Trying to use logger class org.apache.velocity.runtime.log.SimpleLog4JLogSystem
2019-11-07 15:36:40,028 - Using logger class org.apache.velocity.runtime.log.SimpleLog4JLogSystem
2019-11-07 15:36:40,029 - Default ResourceManager initializing. (class org.apache.velocity.runtime.resource.ResourceManagerImpl)
2019-11-07 15:36:40,030 - Resource Loader Instantiated: org.apache.velocity.runtime.resource.loader.ClasspathResourceLoader
2019-11-07 15:36:40,030 - ClasspathResourceLoader : initialization starting.
2019-11-07 15:36:40,030 - ClasspathResourceLoader : initialization complete.
2019-11-07 15:36:40,030 - ResourceCache : initialized. (class org.apache.velocity.runtime.resource.ResourceCacheImpl)
2019-11-07 15:36:40,030 - Default ResourceManager initialization complete.
2019-11-07 15:36:40,031 - Loaded System Directive: org.apache.velocity.runtime.directive.Literal
2019-11-07 15:36:40,032 - Loaded System Directive: org.apache.velocity.runtime.directive.Macro
2019-11-07 15:36:40,032 - Loaded System Directive: org.apache.velocity.runtime.directive.Parse
2019-11-07 15:36:40,033 - Loaded System Directive: org.apache.velocity.runtime.directive.Include
2019-11-07 15:36:40,033 - Loaded System Directive: org.apache.velocity.runtime.directive.Foreach
2019-11-07 15:36:40,045 - Created: 20 parsers.
2019-11-07 15:36:40,046 - Velocimacro : initialization starting.
2019-11-07 15:36:40,047 - Velocimacro : adding VMs from VM library template : VM_global_library.vm
2019-11-07 15:36:40,047 - ResourceManager : unable to find resource 'VM_global_library.vm' in any resource loader.
2019-11-07 15:36:40,048 - Velocimacro : error using  VM library template VM_global_library.vm : org.apache.velocity.exception.ResourceNotFoundException: Unable to find resource 'VM_global_library.vm'
2019-11-07 15:36:40,048 - Velocimacro :  VM library template macro registration complete.
2019-11-07 15:36:40,048 - Velocimacro : allowInline = true : VMs can be defined inline in templates
2019-11-07 15:36:40,048 - Velocimacro : allowInlineToOverride = false : VMs defined inline may NOT replace previous VM definitions
2019-11-07 15:36:40,048 - Velocimacro : allowInlineLocal = false : VMs defined inline will be  global in scope if allowed.
2019-11-07 15:36:40,048 - Velocimacro : messages on  : VM system will output logging messages
2019-11-07 15:36:40,048 - Velocimacro : autoload off  : VM system will not automatically reload global library macros
2019-11-07 15:36:40,048 - Velocimacro : initialization complete.
2019-11-07 15:36:40,048 - Velocity successfully started.
2019-11-07 15:41:39,113 - SimpleLog4JLogSystem initialized using logfile 'velocity.log'
2019-11-07 15:41:39,114 - ************************************************************** 
2019-11-07 15:41:39,114 - Starting Jakarta Velocity v1.4
2019-11-07 15:41:39,114 - RuntimeInstance initializing.
2019-11-07 15:41:39,114 - Default Properties File: org/apache/velocity/runtime/defaults/velocity.properties
2019-11-07 15:41:39,114 - Trying to use logger class org.apache.velocity.runtime.log.SimpleLog4JLogSystem
2019-11-07 15:41:39,114 - Using logger class org.apache.velocity.runtime.log.SimpleLog4JLogSystem
2019-11-07 15:41:39,115 - Default ResourceManager initializing. (class org.apache.velocity.runtime.resource.ResourceManagerImpl)
2019-11-07 15:41:39,115 - Resource Loader Instantiated: org.apache.velocity.runtime.resource.loader.ClasspathResourceLoader
2019-11-07 15:41:39,115 - ClasspathResourceLoader : initialization starting.
2019-11-07 15:41:39,115 - ClasspathResourceLoader : initialization complete.
2019-11-07 15:41:39,116 - ResourceCache : initialized. (class org.apache.velocity.runtime.resource.ResourceCacheImpl)
2019-11-07 15:41:39,116 - Default ResourceManager initialization complete.
2019-11-07 15:41:39,116 - Loaded System Directive: org.apache.velocity.runtime.directive.Literal
2019-11-07 15:41:39,117 - Loaded System Directive: org.apache.velocity.runtime.directive.Macro
2019-11-07 15:41:39,118 - Loaded System Directive: org.apache.velocity.runtime.directive.Parse
2019-11-07 15:41:39,118 - Loaded System Directive: org.apache.velocity.runtime.directive.Include
2019-11-07 15:41:39,119 - Loaded System Directive: org.apache.velocity.runtime.directive.Foreach
2019-11-07 15:41:39,130 - Created: 20 parsers.
2019-11-07 15:41:39,131 - Velocimacro : initialization starting.
2019-11-07 15:41:39,131 - Velocimacro : adding VMs from VM library template : VM_global_library.vm
2019-11-07 15:41:39,132 - ResourceManager : unable to find resource 'VM_global_library.vm' in any resource loader.
2019-11-07 15:41:39,132 - Velocimacro : error using  VM library template VM_global_library.vm : org.apache.velocity.exception.ResourceNotFoundException: Unable to find resource 'VM_global_library.vm'
2019-11-07 15:41:39,132 - Velocimacro :  VM library template macro registration complete.
2019-11-07 15:41:39,133 - Velocimacro : allowInline = true : VMs can be defined inline in templates
2019-11-07 15:41:39,133 - Velocimacro : allowInlineToOverride = false : VMs defined inline may NOT replace previous VM definitions
2019-11-07 15:41:39,133 - Velocimacro : allowInlineLocal = false : VMs defined inline will be  global in scope if allowed.
2019-11-07 15:41:39,133 - Velocimacro : messages on  : VM system will output logging messages
2019-11-07 15:41:39,133 - Velocimacro : autoload off  : VM system will not automatically reload global library macros
2019-11-07 15:41:39,133 - Velocimacro : initialization complete.
2019-11-07 15:41:39,133 - Velocity successfully started.
2019-11-07 15:43:48,880 - SimpleLog4JLogSystem initialized using logfile 'velocity.log'
2019-11-07 15:43:48,880 - ************************************************************** 
2019-11-07 15:43:48,880 - Starting Jakarta Velocity v1.4
2019-11-07 15:43:48,880 - RuntimeInstance initializing.
2019-11-07 15:43:48,880 - Default Properties File: org/apache/velocity/runtime/defaults/velocity.properties
2019-11-07 15:43:48,880 - Trying to use logger class org.apache.velocity.runtime.log.SimpleLog4JLogSystem
2019-11-07 15:43:48,880 - Using logger class org.apache.velocity.runtime.log.SimpleLog4JLogSystem
2019-11-07 15:43:48,881 - Default ResourceManager initializing. (class org.apache.velocity.runtime.resource.ResourceManagerImpl)
2019-11-07 15:43:48,882 - Resource Loader Instantiated: org.apache.velocity.runtime.resource.loader.ClasspathResourceLoader
2019-11-07 15:43:48,882 - ClasspathResourceLoader : initialization starting.
2019-11-07 15:43:48,882 - ClasspathResourceLoader : initialization complete.
2019-11-07 15:43:48,882 - ResourceCache : initialized. (class org.apache.velocity.runtime.resource.ResourceCacheImpl)
2019-11-07 15:43:48,882 - Default ResourceManager initialization complete.
2019-11-07 15:43:48,883 - Loaded System Directive: org.apache.velocity.runtime.directive.Literal
2019-11-07 15:43:48,884 - Loaded System Directive: org.apache.velocity.runtime.directive.Macro
2019-11-07 15:43:48,884 - Loaded System Directive: org.apache.velocity.runtime.directive.Parse
2019-11-07 15:43:48,885 - Loaded System Directive: org.apache.velocity.runtime.directive.Include
2019-11-07 15:43:48,885 - Loaded System Directive: org.apache.velocity.runtime.directive.Foreach
2019-11-07 15:43:48,897 - Created: 20 parsers.
2019-11-07 15:43:48,899 - Velocimacro : initialization starting.
2019-11-07 15:43:48,899 - Velocimacro : adding VMs from VM library template : VM_global_library.vm
2019-11-07 15:43:48,900 - ResourceManager : unable to find resource 'VM_global_library.vm' in any resource loader.
2019-11-07 15:43:48,900 - Velocimacro : error using  VM library template VM_global_library.vm : org.apache.velocity.exception.ResourceNotFoundException: Unable to find resource 'VM_global_library.vm'
2019-11-07 15:43:48,900 - Velocimacro :  VM library template macro registration complete.
2019-11-07 15:43:48,900 - Velocimacro : allowInline = true : VMs can be defined inline in templates
2019-11-07 15:43:48,900 - Velocimacro : allowInlineToOverride = false : VMs defined inline may NOT replace previous VM definitions
2019-11-07 15:43:48,900 - Velocimacro : allowInlineLocal = false : VMs defined inline will be  global in scope if allowed.
2019-11-07 15:43:48,900 - Velocimacro : messages on  : VM system will output logging messages
2019-11-07 15:43:48,900 - Velocimacro : autoload off  : VM system will not automatically reload global library macros
2019-11-07 15:43:48,900 - Velocimacro : initialization complete.
2019-11-07 15:43:48,900 - Velocity successfully started.
2019-11-07 15:45:52,309 - SimpleLog4JLogSystem initialized using logfile 'velocity.log'
2019-11-07 15:45:52,309 - ************************************************************** 
2019-11-07 15:45:52,309 - Starting Jakarta Velocity v1.4
2019-11-07 15:45:52,309 - RuntimeInstance initializing.
2019-11-07 15:45:52,309 - Default Properties File: org/apache/velocity/runtime/defaults/velocity.properties
2019-11-07 15:45:52,309 - Trying to use logger class org.apache.velocity.runtime.log.SimpleLog4JLogSystem
2019-11-07 15:45:52,309 - Using logger class org.apache.velocity.runtime.log.SimpleLog4JLogSystem
2019-11-07 15:45:52,311 - Default ResourceManager initializing. (class org.apache.velocity.runtime.resource.ResourceManagerImpl)
2019-11-07 15:45:52,311 - Resource Loader Instantiated: org.apache.velocity.runtime.resource.loader.ClasspathResourceLoader
2019-11-07 15:45:52,311 - ClasspathResourceLoader : initialization starting.
2019-11-07 15:45:52,312 - ClasspathResourceLoader : initialization complete.
2019-11-07 15:45:52,312 - ResourceCache : initialized. (class org.apache.velocity.runtime.resource.ResourceCacheImpl)
2019-11-07 15:45:52,312 - Default ResourceManager initialization complete.
2019-11-07 15:45:52,313 - Loaded System Directive: org.apache.velocity.runtime.directive.Literal
2019-11-07 15:45:52,314 - Loaded System Directive: org.apache.velocity.runtime.directive.Macro
2019-11-07 15:45:52,314 - Loaded System Directive: org.apache.velocity.runtime.directive.Parse
2019-11-07 15:45:52,315 - Loaded System Directive: org.apache.velocity.runtime.directive.Include
2019-11-07 15:45:52,316 - Loaded System Directive: org.apache.velocity.runtime.directive.Foreach
2019-11-07 15:45:52,330 - Created: 20 parsers.
2019-11-07 15:45:52,332 - Velocimacro : initialization starting.
2019-11-07 15:45:52,332 - Velocimacro : adding VMs from VM library template : VM_global_library.vm
2019-11-07 15:45:52,333 - ResourceManager : unable to find resource 'VM_global_library.vm' in any resource loader.
2019-11-07 15:45:52,334 - Velocimacro : error using  VM library template VM_global_library.vm : org.apache.velocity.exception.ResourceNotFoundException: Unable to find resource 'VM_global_library.vm'
2019-11-07 15:45:52,334 - Velocimacro :  VM library template macro registration complete.
2019-11-07 15:45:52,334 - Velocimacro : allowInline = true : VMs can be defined inline in templates
2019-11-07 15:45:52,334 - Velocimacro : allowInlineToOverride = false : VMs defined inline may NOT replace previous VM definitions
2019-11-07 15:45:52,334 - Velocimacro : allowInlineLocal = false : VMs defined inline will be  global in scope if allowed.
2019-11-07 15:45:52,334 - Velocimacro : messages on  : VM system will output logging messages
2019-11-07 15:45:52,334 - Velocimacro : autoload off  : VM system will not automatically reload global library macros
2019-11-07 15:45:52,334 - Velocimacro : initialization complete.
2019-11-07 15:45:52,334 - Velocity successfully started.
2019-11-07 15:52:51,264 - SimpleLog4JLogSystem initialized using logfile 'velocity.log'
2019-11-07 15:52:51,264 - ************************************************************** 
2019-11-07 15:52:51,264 - Starting Jakarta Velocity v1.4
2019-11-07 15:52:51,264 - RuntimeInstance initializing.
2019-11-07 15:52:51,264 - Default Properties File: org/apache/velocity/runtime/defaults/velocity.properties
2019-11-07 15:52:51,264 - Trying to use logger class org.apache.velocity.runtime.log.SimpleLog4JLogSystem
2019-11-07 15:52:51,264 - Using logger class org.apache.velocity.runtime.log.SimpleLog4JLogSystem
2019-11-07 15:52:51,265 - Default ResourceManager initializing. (class org.apache.velocity.runtime.resource.ResourceManagerImpl)
2019-11-07 15:52:51,266 - Resource Loader Instantiated: org.apache.velocity.runtime.resource.loader.ClasspathResourceLoader
2019-11-07 15:52:51,266 - ClasspathResourceLoader : initialization starting.
2019-11-07 15:52:51,266 - ClasspathResourceLoader : initialization complete.
2019-11-07 15:52:51,267 - ResourceCache : initialized. (class org.apache.velocity.runtime.resource.ResourceCacheImpl)
2019-11-07 15:52:51,267 - Default ResourceManager initialization complete.
2019-11-07 15:52:51,267 - Loaded System Directive: org.apache.velocity.runtime.directive.Literal
2019-11-07 15:52:51,268 - Loaded System Directive: org.apache.velocity.runtime.directive.Macro
2019-11-07 15:52:51,269 - Loaded System Directive: org.apache.velocity.runtime.directive.Parse
2019-11-07 15:52:51,269 - Loaded System Directive: org.apache.velocity.runtime.directive.Include
2019-11-07 15:52:51,270 - Loaded System Directive: org.apache.velocity.runtime.directive.Foreach
2019-11-07 15:52:51,281 - Created: 20 parsers.
2019-11-07 15:52:51,283 - Velocimacro : initialization starting.
2019-11-07 15:52:51,283 - Velocimacro : adding VMs from VM library template : VM_global_library.vm
2019-11-07 15:52:51,284 - ResourceManager : unable to find resource 'VM_global_library.vm' in any resource loader.
2019-11-07 15:52:51,284 - Velocimacro : error using  VM library template VM_global_library.vm : org.apache.velocity.exception.ResourceNotFoundException: Unable to find resource 'VM_global_library.vm'
2019-11-07 15:52:51,284 - Velocimacro :  VM library template macro registration complete.
2019-11-07 15:52:51,284 - Velocimacro : allowInline = true : VMs can be defined inline in templates
2019-11-07 15:52:51,285 - Velocimacro : allowInlineToOverride = false : VMs defined inline may NOT replace previous VM definitions
2019-11-07 15:52:51,285 - Velocimacro : allowInlineLocal = false : VMs defined inline will be  global in scope if allowed.
2019-11-07 15:52:51,285 - Velocimacro : messages on  : VM system will output logging messages
2019-11-07 15:52:51,285 - Velocimacro : autoload off  : VM system will not automatically reload global library macros
2019-11-07 15:52:51,285 - Velocimacro : initialization complete.
2019-11-07 15:52:51,285 - Velocity successfully started.
2019-11-07 15:58:55,986 - SimpleLog4JLogSystem initialized using logfile 'velocity.log'
2019-11-07 15:58:55,987 - ************************************************************** 
2019-11-07 15:58:55,987 - Starting Jakarta Velocity v1.4
2019-11-07 15:58:55,987 - RuntimeInstance initializing.
2019-11-07 15:58:55,987 - Default Properties File: org/apache/velocity/runtime/defaults/velocity.properties
2019-11-07 15:58:55,987 - Trying to use logger class org.apache.velocity.runtime.log.SimpleLog4JLogSystem
2019-11-07 15:58:55,987 - Using logger class org.apache.velocity.runtime.log.SimpleLog4JLogSystem
2019-11-07 15:58:55,988 - Default ResourceManager initializing. (class org.apache.velocity.runtime.resource.ResourceManagerImpl)
2019-11-07 15:58:55,989 - Resource Loader Instantiated: org.apache.velocity.runtime.resource.loader.ClasspathResourceLoader
2019-11-07 15:58:55,989 - ClasspathResourceLoader : initialization starting.
2019-11-07 15:58:55,989 - ClasspathResourceLoader : initialization complete.
2019-11-07 15:58:55,990 - ResourceCache : initialized. (class org.apache.velocity.runtime.resource.ResourceCacheImpl)
2019-11-07 15:58:55,990 - Default ResourceManager initialization complete.
2019-11-07 15:58:55,991 - Loaded System Directive: org.apache.velocity.runtime.directive.Literal
2019-11-07 15:58:55,991 - Loaded System Directive: org.apache.velocity.runtime.directive.Macro
2019-11-07 15:58:55,992 - Loaded System Directive: org.apache.velocity.runtime.directive.Parse
2019-11-07 15:58:55,993 - Loaded System Directive: org.apache.velocity.runtime.directive.Include
2019-11-07 15:58:55,993 - Loaded System Directive: org.apache.velocity.runtime.directive.Foreach
2019-11-07 15:58:56,008 - Created: 20 parsers.
2019-11-07 15:58:56,010 - Velocimacro : initialization starting.
2019-11-07 15:58:56,010 - Velocimacro : adding VMs from VM library template : VM_global_library.vm
2019-11-07 15:58:56,011 - ResourceManager : unable to find resource 'VM_global_library.vm' in any resource loader.
2019-11-07 15:58:56,011 - Velocimacro : error using  VM library template VM_global_library.vm : org.apache.velocity.exception.ResourceNotFoundException: Unable to find resource 'VM_global_library.vm'
2019-11-07 15:58:56,011 - Velocimacro :  VM library template macro registration complete.
2019-11-07 15:58:56,011 - Velocimacro : allowInline = true : VMs can be defined inline in templates
2019-11-07 15:58:56,011 - Velocimacro : allowInlineToOverride = false : VMs defined inline may NOT replace previous VM definitions
2019-11-07 15:58:56,011 - Velocimacro : allowInlineLocal = false : VMs defined inline will be  global in scope if allowed.
2019-11-07 15:58:56,011 - Velocimacro : messages on  : VM system will output logging messages
2019-11-07 15:58:56,011 - Velocimacro : autoload off  : VM system will not automatically reload global library macros
2019-11-07 15:58:56,011 - Velocimacro : initialization complete.
2019-11-07 15:58:56,011 - Velocity successfully started.
2019-11-07 15:59:57,848 - SimpleLog4JLogSystem initialized using logfile 'velocity.log'
2019-11-07 15:59:57,848 - ************************************************************** 
2019-11-07 15:59:57,848 - Starting Jakarta Velocity v1.4
2019-11-07 15:59:57,848 - RuntimeInstance initializing.
2019-11-07 15:59:57,848 - Default Properties File: org/apache/velocity/runtime/defaults/velocity.properties
2019-11-07 15:59:57,848 - Trying to use logger class org.apache.velocity.runtime.log.SimpleLog4JLogSystem
2019-11-07 15:59:57,848 - Using logger class org.apache.velocity.runtime.log.SimpleLog4JLogSystem
2019-11-07 15:59:57,849 - Default ResourceManager initializing. (class org.apache.velocity.runtime.resource.ResourceManagerImpl)
2019-11-07 15:59:57,850 - Resource Loader Instantiated: org.apache.velocity.runtime.resource.loader.ClasspathResourceLoader
2019-11-07 15:59:57,850 - ClasspathResourceLoader : initialization starting.
2019-11-07 15:59:57,850 - ClasspathResourceLoader : initialization complete.
2019-11-07 15:59:57,850 - ResourceCache : initialized. (class org.apache.velocity.runtime.resource.ResourceCacheImpl)
2019-11-07 15:59:57,850 - Default ResourceManager initialization complete.
2019-11-07 15:59:57,851 - Loaded System Directive: org.apache.velocity.runtime.directive.Literal
2019-11-07 15:59:57,852 - Loaded System Directive: org.apache.velocity.runtime.directive.Macro
2019-11-07 15:59:57,852 - Loaded System Directive: org.apache.velocity.runtime.directive.Parse
2019-11-07 15:59:57,853 - Loaded System Directive: org.apache.velocity.runtime.directive.Include
2019-11-07 15:59:57,853 - Loaded System Directive: org.apache.velocity.runtime.directive.Foreach
2019-11-07 15:59:57,866 - Created: 20 parsers.
2019-11-07 15:59:57,869 - Velocimacro : initialization starting.
2019-11-07 15:59:57,869 - Velocimacro : adding VMs from VM library template : VM_global_library.vm
2019-11-07 15:59:57,870 - ResourceManager : unable to find resource 'VM_global_library.vm' in any resource loader.
2019-11-07 15:59:57,870 - Velocimacro : error using  VM library template VM_global_library.vm : org.apache.velocity.exception.ResourceNotFoundException: Unable to find resource 'VM_global_library.vm'
2019-11-07 15:59:57,870 - Velocimacro :  VM library template macro registration complete.
2019-11-07 15:59:57,870 - Velocimacro : allowInline = true : VMs can be defined inline in templates
2019-11-07 15:59:57,870 - Velocimacro : allowInlineToOverride = false : VMs defined inline may NOT replace previous VM definitions
2019-11-07 15:59:57,870 - Velocimacro : allowInlineLocal = false : VMs defined inline will be  global in scope if allowed.
2019-11-07 15:59:57,870 - Velocimacro : messages on  : VM system will output logging messages
2019-11-07 15:59:57,870 - Velocimacro : autoload off  : VM system will not automatically reload global library macros
2019-11-07 15:59:57,870 - Velocimacro : initialization complete.
2019-11-07 15:59:57,870 - Velocity successfully started.
2019-11-07 16:01:12,364 - SimpleLog4JLogSystem initialized using logfile 'velocity.log'
2019-11-07 16:01:12,364 - ************************************************************** 
2019-11-07 16:01:12,364 - Starting Jakarta Velocity v1.4
2019-11-07 16:01:12,364 - RuntimeInstance initializing.
2019-11-07 16:01:12,364 - Default Properties File: org/apache/velocity/runtime/defaults/velocity.properties
2019-11-07 16:01:12,364 - Trying to use logger class org.apache.velocity.runtime.log.SimpleLog4JLogSystem
2019-11-07 16:01:12,364 - Using logger class org.apache.velocity.runtime.log.SimpleLog4JLogSystem
2019-11-07 16:01:12,365 - Default ResourceManager initializing. (class org.apache.velocity.runtime.resource.ResourceManagerImpl)
2019-11-07 16:01:12,366 - Resource Loader Instantiated: org.apache.velocity.runtime.resource.loader.ClasspathResourceLoader
2019-11-07 16:01:12,366 - ClasspathResourceLoader : initialization starting.
2019-11-07 16:01:12,366 - ClasspathResourceLoader : initialization complete.
2019-11-07 16:01:12,367 - ResourceCache : initialized. (class org.apache.velocity.runtime.resource.ResourceCacheImpl)
2019-11-07 16:01:12,367 - Default ResourceManager initialization complete.
2019-11-07 16:01:12,367 - Loaded System Directive: org.apache.velocity.runtime.directive.Literal
2019-11-07 16:01:12,368 - Loaded System Directive: org.apache.velocity.runtime.directive.Macro
2019-11-07 16:01:12,369 - Loaded System Directive: org.apache.velocity.runtime.directive.Parse
2019-11-07 16:01:12,369 - Loaded System Directive: org.apache.velocity.runtime.directive.Include
2019-11-07 16:01:12,370 - Loaded System Directive: org.apache.velocity.runtime.directive.Foreach
2019-11-07 16:01:12,384 - Created: 20 parsers.
2019-11-07 16:01:12,386 - Velocimacro : initialization starting.
2019-11-07 16:01:12,386 - Velocimacro : adding VMs from VM library template : VM_global_library.vm
2019-11-07 16:01:12,388 - ResourceManager : unable to find resource 'VM_global_library.vm' in any resource loader.
2019-11-07 16:01:12,388 - Velocimacro : error using  VM library template VM_global_library.vm : org.apache.velocity.exception.ResourceNotFoundException: Unable to find resource 'VM_global_library.vm'
2019-11-07 16:01:12,388 - Velocimacro :  VM library template macro registration complete.
2019-11-07 16:01:12,388 - Velocimacro : allowInline = true : VMs can be defined inline in templates
2019-11-07 16:01:12,388 - Velocimacro : allowInlineToOverride = false : VMs defined inline may NOT replace previous VM definitions
2019-11-07 16:01:12,388 - Velocimacro : allowInlineLocal = false : VMs defined inline will be  global in scope if allowed.
2019-11-07 16:01:12,388 - Velocimacro : messages on  : VM system will output logging messages
2019-11-07 16:01:12,388 - Velocimacro : autoload off  : VM system will not automatically reload global library macros
2019-11-07 16:01:12,388 - Velocimacro : initialization complete.
2019-11-07 16:01:12,388 - Velocity successfully started.
2019-11-07 16:07:51,807 - SimpleLog4JLogSystem initialized using logfile 'velocity.log'
2019-11-07 16:07:51,807 - ************************************************************** 
2019-11-07 16:07:51,807 - Starting Jakarta Velocity v1.4
2019-11-07 16:07:51,807 - RuntimeInstance initializing.
2019-11-07 16:07:51,807 - Default Properties File: org/apache/velocity/runtime/defaults/velocity.properties
2019-11-07 16:07:51,807 - Trying to use logger class org.apache.velocity.runtime.log.SimpleLog4JLogSystem
2019-11-07 16:07:51,807 - Using logger class org.apache.velocity.runtime.log.SimpleLog4JLogSystem
2019-11-07 16:07:51,808 - Default ResourceManager initializing. (class org.apache.velocity.runtime.resource.ResourceManagerImpl)
2019-11-07 16:07:51,809 - Resource Loader Instantiated: org.apache.velocity.runtime.resource.loader.ClasspathResourceLoader
2019-11-07 16:07:51,809 - ClasspathResourceLoader : initialization starting.
2019-11-07 16:07:51,809 - ClasspathResourceLoader : initialization complete.
2019-11-07 16:07:51,810 - ResourceCache : initialized. (class org.apache.velocity.runtime.resource.ResourceCacheImpl)
2019-11-07 16:07:51,810 - Default ResourceManager initialization complete.
2019-11-07 16:07:51,810 - Loaded System Directive: org.apache.velocity.runtime.directive.Literal
2019-11-07 16:07:51,811 - Loaded System Directive: org.apache.velocity.runtime.directive.Macro
2019-11-07 16:07:51,812 - Loaded System Directive: org.apache.velocity.runtime.directive.Parse
2019-11-07 16:07:51,812 - Loaded System Directive: org.apache.velocity.runtime.directive.Include
2019-11-07 16:07:51,813 - Loaded System Directive: org.apache.velocity.runtime.directive.Foreach
2019-11-07 16:07:51,826 - Created: 20 parsers.
2019-11-07 16:07:51,829 - Velocimacro : initialization starting.
2019-11-07 16:07:51,829 - Velocimacro : adding VMs from VM library template : VM_global_library.vm
2019-11-07 16:07:51,831 - ResourceManager : unable to find resource 'VM_global_library.vm' in any resource loader.
2019-11-07 16:07:51,831 - Velocimacro : error using  VM library template VM_global_library.vm : org.apache.velocity.exception.ResourceNotFoundException: Unable to find resource 'VM_global_library.vm'
2019-11-07 16:07:51,831 - Velocimacro :  VM library template macro registration complete.
2019-11-07 16:07:51,831 - Velocimacro : allowInline = true : VMs can be defined inline in templates
2019-11-07 16:07:51,831 - Velocimacro : allowInlineToOverride = false : VMs defined inline may NOT replace previous VM definitions
2019-11-07 16:07:51,831 - Velocimacro : allowInlineLocal = false : VMs defined inline will be  global in scope if allowed.
2019-11-07 16:07:51,831 - Velocimacro : messages on  : VM system will output logging messages
2019-11-07 16:07:51,831 - Velocimacro : autoload off  : VM system will not automatically reload global library macros
2019-11-07 16:07:51,831 - Velocimacro : initialization complete.
2019-11-07 16:07:51,831 - Velocity successfully started.
2019-11-07 16:12:23,968 - SimpleLog4JLogSystem initialized using logfile 'velocity.log'
2019-11-07 16:12:23,968 - ************************************************************** 
2019-11-07 16:12:23,968 - Starting Jakarta Velocity v1.4
2019-11-07 16:12:23,968 - RuntimeInstance initializing.
2019-11-07 16:12:23,968 - Default Properties File: org/apache/velocity/runtime/defaults/velocity.properties
2019-11-07 16:12:23,968 - Trying to use logger class org.apache.velocity.runtime.log.SimpleLog4JLogSystem
2019-11-07 16:12:23,968 - Using logger class org.apache.velocity.runtime.log.SimpleLog4JLogSystem
2019-11-07 16:12:23,969 - Default ResourceManager initializing. (class org.apache.velocity.runtime.resource.ResourceManagerImpl)
2019-11-07 16:12:23,970 - Resource Loader Instantiated: org.apache.velocity.runtime.resource.loader.ClasspathResourceLoader
2019-11-07 16:12:23,970 - ClasspathResourceLoader : initialization starting.
2019-11-07 16:12:23,970 - ClasspathResourceLoader : initialization complete.
2019-11-07 16:12:23,971 - ResourceCache : initialized. (class org.apache.velocity.runtime.resource.ResourceCacheImpl)
2019-11-07 16:12:23,971 - Default ResourceManager initialization complete.
2019-11-07 16:12:23,971 - Loaded System Directive: org.apache.velocity.runtime.directive.Literal
2019-11-07 16:12:23,972 - Loaded System Directive: org.apache.velocity.runtime.directive.Macro
2019-11-07 16:12:23,973 - Loaded System Directive: org.apache.velocity.runtime.directive.Parse
2019-11-07 16:12:23,973 - Loaded System Directive: org.apache.velocity.runtime.directive.Include
2019-11-07 16:12:23,974 - Loaded System Directive: org.apache.velocity.runtime.directive.Foreach
2019-11-07 16:12:23,986 - Created: 20 parsers.
2019-11-07 16:12:23,988 - Velocimacro : initialization starting.
2019-11-07 16:12:23,989 - Velocimacro : adding VMs from VM library template : VM_global_library.vm
2019-11-07 16:12:23,990 - ResourceManager : unable to find resource 'VM_global_library.vm' in any resource loader.
2019-11-07 16:12:23,990 - Velocimacro : error using  VM library template VM_global_library.vm : org.apache.velocity.exception.ResourceNotFoundException: Unable to find resource 'VM_global_library.vm'
2019-11-07 16:12:23,990 - Velocimacro :  VM library template macro registration complete.
2019-11-07 16:12:23,990 - Velocimacro : allowInline = true : VMs can be defined inline in templates
2019-11-07 16:12:23,990 - Velocimacro : allowInlineToOverride = false : VMs defined inline may NOT replace previous VM definitions
2019-11-07 16:12:23,990 - Velocimacro : allowInlineLocal = false : VMs defined inline will be  global in scope if allowed.
2019-11-07 16:12:23,990 - Velocimacro : messages on  : VM system will output logging messages
2019-11-07 16:12:23,990 - Velocimacro : autoload off  : VM system will not automatically reload global library macros
2019-11-07 16:12:23,990 - Velocimacro : initialization complete.
2019-11-07 16:12:23,990 - Velocity successfully started.
2019-11-07 16:14:10,955 - SimpleLog4JLogSystem initialized using logfile 'velocity.log'
2019-11-07 16:14:10,956 - ************************************************************** 
2019-11-07 16:14:10,956 - Starting Jakarta Velocity v1.4
2019-11-07 16:14:10,956 - RuntimeInstance initializing.
2019-11-07 16:14:10,956 - Default Properties File: org/apache/velocity/runtime/defaults/velocity.properties
2019-11-07 16:14:10,956 - Trying to use logger class org.apache.velocity.runtime.log.SimpleLog4JLogSystem
2019-11-07 16:14:10,956 - Using logger class org.apache.velocity.runtime.log.SimpleLog4JLogSystem
2019-11-07 16:14:10,957 - Default ResourceManager initializing. (class org.apache.velocity.runtime.resource.ResourceManagerImpl)
2019-11-07 16:14:10,958 - Resource Loader Instantiated: org.apache.velocity.runtime.resource.loader.ClasspathResourceLoader
2019-11-07 16:14:10,958 - ClasspathResourceLoader : initialization starting.
2019-11-07 16:14:10,959 - ClasspathResourceLoader : initialization complete.
2019-11-07 16:14:10,959 - ResourceCache : initialized. (class org.apache.velocity.runtime.resource.ResourceCacheImpl)
2019-11-07 16:14:10,959 - Default ResourceManager initialization complete.
2019-11-07 16:14:10,960 - Loaded System Directive: org.apache.velocity.runtime.directive.Literal
2019-11-07 16:14:10,961 - Loaded System Directive: org.apache.velocity.runtime.directive.Macro
2019-11-07 16:14:10,961 - Loaded System Directive: org.apache.velocity.runtime.directive.Parse
2019-11-07 16:14:10,962 - Loaded System Directive: org.apache.velocity.runtime.directive.Include
2019-11-07 16:14:10,962 - Loaded System Directive: org.apache.velocity.runtime.directive.Foreach
2019-11-07 16:14:10,976 - Created: 20 parsers.
2019-11-07 16:14:10,978 - Velocimacro : initialization starting.
2019-11-07 16:14:10,978 - Velocimacro : adding VMs from VM library template : VM_global_library.vm
2019-11-07 16:14:10,979 - ResourceManager : unable to find resource 'VM_global_library.vm' in any resource loader.
2019-11-07 16:14:10,979 - Velocimacro : error using  VM library template VM_global_library.vm : org.apache.velocity.exception.ResourceNotFoundException: Unable to find resource 'VM_global_library.vm'
2019-11-07 16:14:10,980 - Velocimacro :  VM library template macro registration complete.
2019-11-07 16:14:10,980 - Velocimacro : allowInline = true : VMs can be defined inline in templates
2019-11-07 16:14:10,980 - Velocimacro : allowInlineToOverride = false : VMs defined inline may NOT replace previous VM definitions
2019-11-07 16:14:10,980 - Velocimacro : allowInlineLocal = false : VMs defined inline will be  global in scope if allowed.
2019-11-07 16:14:10,980 - Velocimacro : messages on  : VM system will output logging messages
2019-11-07 16:14:10,980 - Velocimacro : autoload off  : VM system will not automatically reload global library macros
2019-11-07 16:14:10,980 - Velocimacro : initialization complete.
2019-11-07 16:14:10,980 - Velocity successfully started.
